<?xml version="1.0" encoding="UTF-8"?>
<testng-results skipped="0" failed="5" ignored="0" total="10" passed="5">
  <reporter-output>
    <line>
      <![CDATA[pass:title is matching]]>
    </line>
    <line>
      <![CDATA[pass:title is matching]]>
    </line>
  </reporter-output>
  <suite name="Suite" duration-ms="175376" started-at="2019-12-17T03:12:58Z" finished-at="2019-12-17T03:15:53Z">
    <groups>
    </groups>
    <test name="chromeTest" duration-ms="124429" started-at="2019-12-17T03:12:58Z" finished-at="2019-12-17T03:15:02Z">
      <class name="scripts.p5">
        <test-method status="PASS" signature="precond(java.lang.String)[pri:0, instance:scripts.p5@19c0f4a]" name="precond" is-config="true" duration-ms="13926" started-at="2019-12-17T03:14:40Z" finished-at="2019-12-17T03:14:54Z">
          <params>
            <param index="0">
              <value>
                <![CDATA[chrome]]>
              </value>
            </param>
          </params>
          <reporter-output>
          </reporter-output>
        </test-method> <!-- precond -->
        <test-method status="FAIL" signature="logout()[pri:0, instance:scripts.p5@19c0f4a]" name="logout" duration-ms="6287" started-at="2019-12-17T03:14:54Z" finished-at="2019-12-17T03:15:00Z">
          <exception class="org.openqa.selenium.WebDriverException">
            <message>
              <![CDATA[chrome not reachable
  (Session info: chrome=78.0.3904.108)
Build info: version: '3.141.59', revision: 'e82be7d358', time: '2018-11-14T08:25:53'
System info: host: 'ARCHANA-PC', ip: '192.168.43.168', os.name: 'Windows 7', os.arch: 'x86', os.version: '6.1', java.version: '1.8.0_152'
Driver info: org.openqa.selenium.chrome.ChromeDriver
Capabilities {acceptInsecureCerts: false, browserName: chrome, browserVersion: 78.0.3904.108, chrome: {chromedriverVersion: 78.0.3904.70 (edb9c9f3de024..., userDataDir: C:\Users\Archana\AppData\Lo...}, goog:chromeOptions: {debuggerAddress: localhost:49597}, javascriptEnabled: true, networkConnectionEnabled: false, pageLoadStrategy: normal, platform: XP, platformName: XP, proxy: Proxy(), setWindowRect: true, strictFileInteractability: false, timeouts: {implicit: 0, pageLoad: 300000, script: 30000}, unhandledPromptBehavior: dismiss and notify}
Session ID: b913e356422ea2f62828745a4f12acf1
*** Element info: {Using=id, value=username}]]>
            </message>
            <full-stacktrace>
              <![CDATA[org.openqa.selenium.WebDriverException: chrome not reachable
  (Session info: chrome=78.0.3904.108)
Build info: version: '3.141.59', revision: 'e82be7d358', time: '2018-11-14T08:25:53'
System info: host: 'ARCHANA-PC', ip: '192.168.43.168', os.name: 'Windows 7', os.arch: 'x86', os.version: '6.1', java.version: '1.8.0_152'
Driver info: org.openqa.selenium.chrome.ChromeDriver
Capabilities {acceptInsecureCerts: false, browserName: chrome, browserVersion: 78.0.3904.108, chrome: {chromedriverVersion: 78.0.3904.70 (edb9c9f3de024..., userDataDir: C:\Users\Archana\AppData\Lo...}, goog:chromeOptions: {debuggerAddress: localhost:49597}, javascriptEnabled: true, networkConnectionEnabled: false, pageLoadStrategy: normal, platform: XP, platformName: XP, proxy: Proxy(), setWindowRect: true, strictFileInteractability: false, timeouts: {implicit: 0, pageLoad: 300000, script: 30000}, unhandledPromptBehavior: dismiss and notify}
Session ID: b913e356422ea2f62828745a4f12acf1
*** Element info: {Using=id, value=username}
at sun.reflect.NativeConstructorAccessorImpl.newInstance0(Native Method)
at sun.reflect.NativeConstructorAccessorImpl.newInstance(Unknown Source)
at sun.reflect.DelegatingConstructorAccessorImpl.newInstance(Unknown Source)
at java.lang.reflect.Constructor.newInstance(Unknown Source)
at org.openqa.selenium.remote.http.W3CHttpResponseCodec.createException(W3CHttpResponseCodec.java:187)
at org.openqa.selenium.remote.http.W3CHttpResponseCodec.decode(W3CHttpResponseCodec.java:122)
at org.openqa.selenium.remote.http.W3CHttpResponseCodec.decode(W3CHttpResponseCodec.java:49)
at org.openqa.selenium.remote.HttpCommandExecutor.execute(HttpCommandExecutor.java:158)
at org.openqa.selenium.remote.service.DriverCommandExecutor.execute(DriverCommandExecutor.java:83)
at org.openqa.selenium.remote.RemoteWebDriver.execute(RemoteWebDriver.java:552)
at org.openqa.selenium.remote.RemoteWebDriver.findElement(RemoteWebDriver.java:323)
at org.openqa.selenium.remote.RemoteWebDriver.findElementById(RemoteWebDriver.java:372)
at org.openqa.selenium.By$ById.findElement(By.java:188)
at org.openqa.selenium.remote.RemoteWebDriver.findElement(RemoteWebDriver.java:315)
at org.openqa.selenium.support.pagefactory.DefaultElementLocator.findElement(DefaultElementLocator.java:69)
at org.openqa.selenium.support.pagefactory.internal.LocatingElementHandler.invoke(LocatingElementHandler.java:38)
at com.sun.proxy.$Proxy10.sendKeys(Unknown Source)
at pom.actitimelogin.setusename(actitimelogin.java:36)
at scripts.p5.logout(p5.java:18)
at sun.reflect.NativeMethodAccessorImpl.invoke0(Native Method)
at sun.reflect.NativeMethodAccessorImpl.invoke(Unknown Source)
at sun.reflect.DelegatingMethodAccessorImpl.invoke(Unknown Source)
at java.lang.reflect.Method.invoke(Unknown Source)
at org.testng.internal.MethodInvocationHelper.invokeMethod(MethodInvocationHelper.java:124)
at org.testng.internal.Invoker.invokeMethod(Invoker.java:583)
at org.testng.internal.Invoker.invokeTestMethod(Invoker.java:719)
at org.testng.internal.Invoker.invokeTestMethods(Invoker.java:989)
at org.testng.internal.TestMethodWorker.invokeTestMethods(TestMethodWorker.java:125)
at org.testng.internal.TestMethodWorker.run(TestMethodWorker.java:109)
at org.testng.TestRunner.privateRun(TestRunner.java:648)
at org.testng.TestRunner.run(TestRunner.java:505)
at org.testng.SuiteRunner.runTest(SuiteRunner.java:455)
at org.testng.SuiteRunner.access$000(SuiteRunner.java:40)
at org.testng.SuiteRunner$SuiteWorker.run(SuiteRunner.java:489)
at org.testng.internal.thread.ThreadUtil$1.call(ThreadUtil.java:52)
at java.util.concurrent.FutureTask.run(Unknown Source)
at java.util.concurrent.ThreadPoolExecutor.runWorker(Unknown Source)
at java.util.concurrent.ThreadPoolExecutor$Worker.run(Unknown Source)
at java.lang.Thread.run(Unknown Source)
]]>
            </full-stacktrace>
          </exception> <!-- org.openqa.selenium.WebDriverException -->
          <reporter-output>
          </reporter-output>
        </test-method> <!-- logout -->
        <test-method status="FAIL" signature="postcond()[pri:0, instance:scripts.p5@19c0f4a]" name="postcond" is-config="true" duration-ms="2032" started-at="2019-12-17T03:15:00Z" finished-at="2019-12-17T03:15:02Z">
          <exception class="org.openqa.selenium.WebDriverException">
            <message>
              <![CDATA[chrome not reachable
  (Session info: chrome=78.0.3904.108)
Build info: version: '3.141.59', revision: 'e82be7d358', time: '2018-11-14T08:25:53'
System info: host: 'ARCHANA-PC', ip: '192.168.43.168', os.name: 'Windows 7', os.arch: 'x86', os.version: '6.1', java.version: '1.8.0_152'
Driver info: org.openqa.selenium.chrome.ChromeDriver
Capabilities {acceptInsecureCerts: false, browserName: chrome, browserVersion: 78.0.3904.108, chrome: {chromedriverVersion: 78.0.3904.70 (edb9c9f3de024..., userDataDir: C:\Users\Archana\AppData\Lo...}, goog:chromeOptions: {debuggerAddress: localhost:49597}, javascriptEnabled: true, networkConnectionEnabled: false, pageLoadStrategy: normal, platform: XP, platformName: XP, proxy: Proxy(), setWindowRect: true, strictFileInteractability: false, timeouts: {implicit: 0, pageLoad: 300000, script: 30000}, unhandledPromptBehavior: dismiss and notify}
Session ID: b913e356422ea2f62828745a4f12acf1]]>
            </message>
            <full-stacktrace>
              <![CDATA[org.openqa.selenium.WebDriverException: chrome not reachable
  (Session info: chrome=78.0.3904.108)
Build info: version: '3.141.59', revision: 'e82be7d358', time: '2018-11-14T08:25:53'
System info: host: 'ARCHANA-PC', ip: '192.168.43.168', os.name: 'Windows 7', os.arch: 'x86', os.version: '6.1', java.version: '1.8.0_152'
Driver info: org.openqa.selenium.chrome.ChromeDriver
Capabilities {acceptInsecureCerts: false, browserName: chrome, browserVersion: 78.0.3904.108, chrome: {chromedriverVersion: 78.0.3904.70 (edb9c9f3de024..., userDataDir: C:\Users\Archana\AppData\Lo...}, goog:chromeOptions: {debuggerAddress: localhost:49597}, javascriptEnabled: true, networkConnectionEnabled: false, pageLoadStrategy: normal, platform: XP, platformName: XP, proxy: Proxy(), setWindowRect: true, strictFileInteractability: false, timeouts: {implicit: 0, pageLoad: 300000, script: 30000}, unhandledPromptBehavior: dismiss and notify}
Session ID: b913e356422ea2f62828745a4f12acf1
at sun.reflect.NativeConstructorAccessorImpl.newInstance0(Native Method)
at sun.reflect.NativeConstructorAccessorImpl.newInstance(Unknown Source)
at sun.reflect.DelegatingConstructorAccessorImpl.newInstance(Unknown Source)
at java.lang.reflect.Constructor.newInstance(Unknown Source)
at org.openqa.selenium.remote.http.W3CHttpResponseCodec.createException(W3CHttpResponseCodec.java:187)
at org.openqa.selenium.remote.http.W3CHttpResponseCodec.decode(W3CHttpResponseCodec.java:122)
at org.openqa.selenium.remote.http.W3CHttpResponseCodec.decode(W3CHttpResponseCodec.java:49)
at org.openqa.selenium.remote.HttpCommandExecutor.execute(HttpCommandExecutor.java:158)
at org.openqa.selenium.remote.service.DriverCommandExecutor.execute(DriverCommandExecutor.java:83)
at org.openqa.selenium.remote.RemoteWebDriver.execute(RemoteWebDriver.java:552)
at org.openqa.selenium.remote.RemoteWebDriver.execute(RemoteWebDriver.java:609)
at org.openqa.selenium.remote.RemoteWebDriver.close(RemoteWebDriver.java:442)
at generic.basetest1.postcond(basetest1.java:42)
at sun.reflect.NativeMethodAccessorImpl.invoke0(Native Method)
at sun.reflect.NativeMethodAccessorImpl.invoke(Unknown Source)
at sun.reflect.DelegatingMethodAccessorImpl.invoke(Unknown Source)
at java.lang.reflect.Method.invoke(Unknown Source)
at org.testng.internal.MethodInvocationHelper.invokeMethod(MethodInvocationHelper.java:124)
at org.testng.internal.MethodInvocationHelper.invokeMethodConsideringTimeout(MethodInvocationHelper.java:59)
at org.testng.internal.Invoker.invokeConfigurationMethod(Invoker.java:458)
at org.testng.internal.Invoker.invokeConfigurations(Invoker.java:222)
at org.testng.internal.Invoker.invokeMethod(Invoker.java:646)
at org.testng.internal.Invoker.invokeTestMethod(Invoker.java:719)
at org.testng.internal.Invoker.invokeTestMethods(Invoker.java:989)
at org.testng.internal.TestMethodWorker.invokeTestMethods(TestMethodWorker.java:125)
at org.testng.internal.TestMethodWorker.run(TestMethodWorker.java:109)
at org.testng.TestRunner.privateRun(TestRunner.java:648)
at org.testng.TestRunner.run(TestRunner.java:505)
at org.testng.SuiteRunner.runTest(SuiteRunner.java:455)
at org.testng.SuiteRunner.access$000(SuiteRunner.java:40)
at org.testng.SuiteRunner$SuiteWorker.run(SuiteRunner.java:489)
at org.testng.internal.thread.ThreadUtil$1.call(ThreadUtil.java:52)
at java.util.concurrent.FutureTask.run(Unknown Source)
at java.util.concurrent.ThreadPoolExecutor.runWorker(Unknown Source)
at java.util.concurrent.ThreadPoolExecutor$Worker.run(Unknown Source)
at java.lang.Thread.run(Unknown Source)
]]>
            </full-stacktrace>
          </exception> <!-- org.openqa.selenium.WebDriverException -->
          <reporter-output>
          </reporter-output>
        </test-method> <!-- postcond -->
      </class> <!-- scripts.p5 -->
      <class name="scripts.p4">
        <test-method status="PASS" signature="precond(java.lang.String)[pri:0, instance:scripts.p4@19d1a19]" name="precond" is-config="true" duration-ms="17127" started-at="2019-12-17T03:14:21Z" finished-at="2019-12-17T03:14:38Z">
          <params>
            <param index="0">
              <value>
                <![CDATA[chrome]]>
              </value>
            </param>
          </params>
          <reporter-output>
          </reporter-output>
        </test-method> <!-- precond -->
        <test-method status="FAIL" signature="pomactilogin()[pri:0, instance:scripts.p4@19d1a19]" name="pomactilogin" duration-ms="241" started-at="2019-12-17T03:14:38Z" finished-at="2019-12-17T03:14:38Z">
          <exception class="java.lang.IllegalArgumentException">
            <message>
              <![CDATA[Keys to send should be a not null CharSequence]]>
            </message>
            <full-stacktrace>
              <![CDATA[java.lang.IllegalArgumentException: Keys to send should be a not null CharSequence
at org.openqa.selenium.remote.RemoteWebElement.sendKeys(RemoteWebElement.java:97)
at sun.reflect.NativeMethodAccessorImpl.invoke0(Native Method)
at sun.reflect.NativeMethodAccessorImpl.invoke(Unknown Source)
at sun.reflect.DelegatingMethodAccessorImpl.invoke(Unknown Source)
at java.lang.reflect.Method.invoke(Unknown Source)
at org.openqa.selenium.support.pagefactory.internal.LocatingElementHandler.invoke(LocatingElementHandler.java:51)
at com.sun.proxy.$Proxy10.sendKeys(Unknown Source)
at pom.actitimelogin.setpassword(actitimelogin.java:41)
at scripts.p4.pomactilogin(p4.java:17)
at sun.reflect.NativeMethodAccessorImpl.invoke0(Native Method)
at sun.reflect.NativeMethodAccessorImpl.invoke(Unknown Source)
at sun.reflect.DelegatingMethodAccessorImpl.invoke(Unknown Source)
at java.lang.reflect.Method.invoke(Unknown Source)
at org.testng.internal.MethodInvocationHelper.invokeMethod(MethodInvocationHelper.java:124)
at org.testng.internal.Invoker.invokeMethod(Invoker.java:583)
at org.testng.internal.Invoker.invokeTestMethod(Invoker.java:719)
at org.testng.internal.Invoker.invokeTestMethods(Invoker.java:989)
at org.testng.internal.TestMethodWorker.invokeTestMethods(TestMethodWorker.java:125)
at org.testng.internal.TestMethodWorker.run(TestMethodWorker.java:109)
at org.testng.TestRunner.privateRun(TestRunner.java:648)
at org.testng.TestRunner.run(TestRunner.java:505)
at org.testng.SuiteRunner.runTest(SuiteRunner.java:455)
at org.testng.SuiteRunner.access$000(SuiteRunner.java:40)
at org.testng.SuiteRunner$SuiteWorker.run(SuiteRunner.java:489)
at org.testng.internal.thread.ThreadUtil$1.call(ThreadUtil.java:52)
at java.util.concurrent.FutureTask.run(Unknown Source)
at java.util.concurrent.ThreadPoolExecutor.runWorker(Unknown Source)
at java.util.concurrent.ThreadPoolExecutor$Worker.run(Unknown Source)
at java.lang.Thread.run(Unknown Source)
]]>
            </full-stacktrace>
          </exception> <!-- java.lang.IllegalArgumentException -->
          <reporter-output>
          </reporter-output>
        </test-method> <!-- pomactilogin -->
        <test-method status="PASS" signature="postcond()[pri:0, instance:scripts.p4@19d1a19]" name="postcond" is-config="true" duration-ms="2126" started-at="2019-12-17T03:14:38Z" finished-at="2019-12-17T03:14:40Z">
          <reporter-output>
          </reporter-output>
        </test-method> <!-- postcond -->
      </class> <!-- scripts.p4 -->
      <class name="scripts.p3">
        <test-method status="PASS" signature="precond()[pri:0, instance:scripts.p3@83b407]" name="precond" is-config="true" duration-ms="16116" started-at="2019-12-17T03:14:00Z" finished-at="2019-12-17T03:14:16Z">
          <reporter-output>
          </reporter-output>
        </test-method> <!-- precond -->
        <test-method status="FAIL" signature="pomactilogin()[pri:0, instance:scripts.p3@83b407]" name="pomactilogin" duration-ms="4156" started-at="2019-12-17T03:14:16Z" finished-at="2019-12-17T03:14:20Z">
          <exception class="java.lang.IllegalArgumentException">
            <message>
              <![CDATA[Keys to send should be a not null CharSequence]]>
            </message>
            <full-stacktrace>
              <![CDATA[java.lang.IllegalArgumentException: Keys to send should be a not null CharSequence
at org.openqa.selenium.remote.RemoteWebElement.sendKeys(RemoteWebElement.java:97)
at sun.reflect.NativeMethodAccessorImpl.invoke0(Native Method)
at sun.reflect.NativeMethodAccessorImpl.invoke(Unknown Source)
at sun.reflect.DelegatingMethodAccessorImpl.invoke(Unknown Source)
at java.lang.reflect.Method.invoke(Unknown Source)
at org.openqa.selenium.support.pagefactory.internal.LocatingElementHandler.invoke(LocatingElementHandler.java:51)
at com.sun.proxy.$Proxy10.sendKeys(Unknown Source)
at pom.actitimelogin.setpassword(actitimelogin.java:41)
at scripts.p3.pomactilogin(p3.java:16)
at sun.reflect.NativeMethodAccessorImpl.invoke0(Native Method)
at sun.reflect.NativeMethodAccessorImpl.invoke(Unknown Source)
at sun.reflect.DelegatingMethodAccessorImpl.invoke(Unknown Source)
at java.lang.reflect.Method.invoke(Unknown Source)
at org.testng.internal.MethodInvocationHelper.invokeMethod(MethodInvocationHelper.java:124)
at org.testng.internal.Invoker.invokeMethod(Invoker.java:583)
at org.testng.internal.Invoker.invokeTestMethod(Invoker.java:719)
at org.testng.internal.Invoker.invokeTestMethods(Invoker.java:989)
at org.testng.internal.TestMethodWorker.invokeTestMethods(TestMethodWorker.java:125)
at org.testng.internal.TestMethodWorker.run(TestMethodWorker.java:109)
at org.testng.TestRunner.privateRun(TestRunner.java:648)
at org.testng.TestRunner.run(TestRunner.java:505)
at org.testng.SuiteRunner.runTest(SuiteRunner.java:455)
at org.testng.SuiteRunner.access$000(SuiteRunner.java:40)
at org.testng.SuiteRunner$SuiteWorker.run(SuiteRunner.java:489)
at org.testng.internal.thread.ThreadUtil$1.call(ThreadUtil.java:52)
at java.util.concurrent.FutureTask.run(Unknown Source)
at java.util.concurrent.ThreadPoolExecutor.runWorker(Unknown Source)
at java.util.concurrent.ThreadPoolExecutor$Worker.run(Unknown Source)
at java.lang.Thread.run(Unknown Source)
]]>
            </full-stacktrace>
          </exception> <!-- java.lang.IllegalArgumentException -->
          <reporter-output>
          </reporter-output>
        </test-method> <!-- pomactilogin -->
        <test-method status="PASS" signature="postcond()[pri:0, instance:scripts.p3@83b407]" name="postcond" is-config="true" duration-ms="217" started-at="2019-12-17T03:14:20Z" finished-at="2019-12-17T03:14:21Z">
          <reporter-output>
          </reporter-output>
        </test-method> <!-- postcond -->
      </class> <!-- scripts.p3 -->
      <class name="scripts.p2">
        <test-method status="PASS" signature="precond()[pri:0, instance:scripts.p2@1622fdf]" name="precond" is-config="true" duration-ms="22284" started-at="2019-12-17T03:13:25Z" finished-at="2019-12-17T03:13:47Z">
          <reporter-output>
          </reporter-output>
        </test-method> <!-- precond -->
        <test-method status="PASS" signature="pomactilogin()[pri:0, instance:scripts.p2@1622fdf]" name="pomactilogin" duration-ms="10590" started-at="2019-12-17T03:13:47Z" finished-at="2019-12-17T03:13:58Z">
          <reporter-output>
            <line>
              <![CDATA[pass:title is matching]]>
            </line>
          </reporter-output>
        </test-method> <!-- pomactilogin -->
        <test-method status="PASS" signature="postcond()[pri:0, instance:scripts.p2@1622fdf]" name="postcond" is-config="true" duration-ms="2200" started-at="2019-12-17T03:13:58Z" finished-at="2019-12-17T03:14:00Z">
          <reporter-output>
          </reporter-output>
        </test-method> <!-- postcond -->
      </class> <!-- scripts.p2 -->
      <class name="scripts.p1">
        <test-method status="PASS" signature="precond()[pri:0, instance:scripts.p1@93dd95]" name="precond" is-config="true" duration-ms="25326" started-at="2019-12-17T03:12:58Z" finished-at="2019-12-17T03:13:23Z">
          <reporter-output>
          </reporter-output>
        </test-method> <!-- precond -->
        <test-method status="PASS" signature="actitimeloginscript()[pri:0, instance:scripts.p1@93dd95]" name="actitimeloginscript" duration-ms="1091" started-at="2019-12-17T03:13:23Z" finished-at="2019-12-17T03:13:24Z">
          <reporter-output>
          </reporter-output>
        </test-method> <!-- actitimeloginscript -->
        <test-method status="PASS" signature="postcond()[pri:0, instance:scripts.p1@93dd95]" name="postcond" is-config="true" duration-ms="660" started-at="2019-12-17T03:13:24Z" finished-at="2019-12-17T03:13:25Z">
          <reporter-output>
          </reporter-output>
        </test-method> <!-- postcond -->
      </class> <!-- scripts.p1 -->
    </test> <!-- chromeTest -->
    <test name="firefoxTest" duration-ms="175376" started-at="2019-12-17T03:12:58Z" finished-at="2019-12-17T03:15:53Z">
      <class name="scripts.p5">
        <test-method status="PASS" signature="precond(java.lang.String)[pri:0, instance:scripts.p5@1cab519]" name="precond" is-config="true" duration-ms="18605" started-at="2019-12-17T03:15:19Z" finished-at="2019-12-17T03:15:38Z">
          <params>
            <param index="0">
              <value>
                <![CDATA[firefox]]>
              </value>
            </param>
          </params>
          <reporter-output>
          </reporter-output>
        </test-method> <!-- precond -->
        <test-method status="PASS" signature="logout()[pri:0, instance:scripts.p5@1cab519]" name="logout" duration-ms="12736" started-at="2019-12-17T03:15:38Z" finished-at="2019-12-17T03:15:50Z">
          <reporter-output>
          </reporter-output>
        </test-method> <!-- logout -->
        <test-method status="PASS" signature="postcond()[pri:0, instance:scripts.p5@1cab519]" name="postcond" is-config="true" duration-ms="2965" started-at="2019-12-17T03:15:50Z" finished-at="2019-12-17T03:15:53Z">
          <reporter-output>
          </reporter-output>
        </test-method> <!-- postcond -->
      </class> <!-- scripts.p5 -->
      <class name="scripts.p4">
        <test-method status="PASS" signature="precond(java.lang.String)[pri:0, instance:scripts.p4@fd02e5]" name="precond" is-config="true" duration-ms="52307" started-at="2019-12-17T03:14:23Z" finished-at="2019-12-17T03:15:15Z">
          <params>
            <param index="0">
              <value>
                <![CDATA[firefox]]>
              </value>
            </param>
          </params>
          <reporter-output>
          </reporter-output>
        </test-method> <!-- precond -->
        <test-method status="FAIL" signature="pomactilogin()[pri:0, instance:scripts.p4@fd02e5]" name="pomactilogin" duration-ms="611" started-at="2019-12-17T03:15:15Z" finished-at="2019-12-17T03:15:15Z">
          <exception class="java.lang.IllegalArgumentException">
            <message>
              <![CDATA[Keys to send should be a not null CharSequence]]>
            </message>
            <full-stacktrace>
              <![CDATA[java.lang.IllegalArgumentException: Keys to send should be a not null CharSequence
at org.openqa.selenium.remote.RemoteWebElement.sendKeys(RemoteWebElement.java:97)
at sun.reflect.NativeMethodAccessorImpl.invoke0(Native Method)
at sun.reflect.NativeMethodAccessorImpl.invoke(Unknown Source)
at sun.reflect.DelegatingMethodAccessorImpl.invoke(Unknown Source)
at java.lang.reflect.Method.invoke(Unknown Source)
at org.openqa.selenium.support.pagefactory.internal.LocatingElementHandler.invoke(LocatingElementHandler.java:51)
at com.sun.proxy.$Proxy10.sendKeys(Unknown Source)
at pom.actitimelogin.setpassword(actitimelogin.java:41)
at scripts.p4.pomactilogin(p4.java:17)
at sun.reflect.NativeMethodAccessorImpl.invoke0(Native Method)
at sun.reflect.NativeMethodAccessorImpl.invoke(Unknown Source)
at sun.reflect.DelegatingMethodAccessorImpl.invoke(Unknown Source)
at java.lang.reflect.Method.invoke(Unknown Source)
at org.testng.internal.MethodInvocationHelper.invokeMethod(MethodInvocationHelper.java:124)
at org.testng.internal.Invoker.invokeMethod(Invoker.java:583)
at org.testng.internal.Invoker.invokeTestMethod(Invoker.java:719)
at org.testng.internal.Invoker.invokeTestMethods(Invoker.java:989)
at org.testng.internal.TestMethodWorker.invokeTestMethods(TestMethodWorker.java:125)
at org.testng.internal.TestMethodWorker.run(TestMethodWorker.java:109)
at org.testng.TestRunner.privateRun(TestRunner.java:648)
at org.testng.TestRunner.run(TestRunner.java:505)
at org.testng.SuiteRunner.runTest(SuiteRunner.java:455)
at org.testng.SuiteRunner.access$000(SuiteRunner.java:40)
at org.testng.SuiteRunner$SuiteWorker.run(SuiteRunner.java:489)
at org.testng.internal.thread.ThreadUtil$1.call(ThreadUtil.java:52)
at java.util.concurrent.FutureTask.run(Unknown Source)
at java.util.concurrent.ThreadPoolExecutor.runWorker(Unknown Source)
at java.util.concurrent.ThreadPoolExecutor$Worker.run(Unknown Source)
at java.lang.Thread.run(Unknown Source)
]]>
            </full-stacktrace>
          </exception> <!-- java.lang.IllegalArgumentException -->
          <reporter-output>
          </reporter-output>
        </test-method> <!-- pomactilogin -->
        <test-method status="PASS" signature="postcond()[pri:0, instance:scripts.p4@fd02e5]" name="postcond" is-config="true" duration-ms="3548" started-at="2019-12-17T03:15:15Z" finished-at="2019-12-17T03:15:19Z">
          <reporter-output>
          </reporter-output>
        </test-method> <!-- postcond -->
      </class> <!-- scripts.p4 -->
      <class name="scripts.p3">
        <test-method status="PASS" signature="precond()[pri:0, instance:scripts.p3@100d6b1]" name="precond" is-config="true" duration-ms="17612" started-at="2019-12-17T03:14:00Z" finished-at="2019-12-17T03:14:18Z">
          <reporter-output>
          </reporter-output>
        </test-method> <!-- precond -->
        <test-method status="FAIL" signature="pomactilogin()[pri:0, instance:scripts.p3@100d6b1]" name="pomactilogin" duration-ms="2738" started-at="2019-12-17T03:14:18Z" finished-at="2019-12-17T03:14:20Z">
          <exception class="java.lang.IllegalArgumentException">
            <message>
              <![CDATA[Keys to send should be a not null CharSequence]]>
            </message>
            <full-stacktrace>
              <![CDATA[java.lang.IllegalArgumentException: Keys to send should be a not null CharSequence
at org.openqa.selenium.remote.RemoteWebElement.sendKeys(RemoteWebElement.java:97)
at sun.reflect.NativeMethodAccessorImpl.invoke0(Native Method)
at sun.reflect.NativeMethodAccessorImpl.invoke(Unknown Source)
at sun.reflect.DelegatingMethodAccessorImpl.invoke(Unknown Source)
at java.lang.reflect.Method.invoke(Unknown Source)
at org.openqa.selenium.support.pagefactory.internal.LocatingElementHandler.invoke(LocatingElementHandler.java:51)
at com.sun.proxy.$Proxy10.sendKeys(Unknown Source)
at pom.actitimelogin.setpassword(actitimelogin.java:41)
at scripts.p3.pomactilogin(p3.java:16)
at sun.reflect.NativeMethodAccessorImpl.invoke0(Native Method)
at sun.reflect.NativeMethodAccessorImpl.invoke(Unknown Source)
at sun.reflect.DelegatingMethodAccessorImpl.invoke(Unknown Source)
at java.lang.reflect.Method.invoke(Unknown Source)
at org.testng.internal.MethodInvocationHelper.invokeMethod(MethodInvocationHelper.java:124)
at org.testng.internal.Invoker.invokeMethod(Invoker.java:583)
at org.testng.internal.Invoker.invokeTestMethod(Invoker.java:719)
at org.testng.internal.Invoker.invokeTestMethods(Invoker.java:989)
at org.testng.internal.TestMethodWorker.invokeTestMethods(TestMethodWorker.java:125)
at org.testng.internal.TestMethodWorker.run(TestMethodWorker.java:109)
at org.testng.TestRunner.privateRun(TestRunner.java:648)
at org.testng.TestRunner.run(TestRunner.java:505)
at org.testng.SuiteRunner.runTest(SuiteRunner.java:455)
at org.testng.SuiteRunner.access$000(SuiteRunner.java:40)
at org.testng.SuiteRunner$SuiteWorker.run(SuiteRunner.java:489)
at org.testng.internal.thread.ThreadUtil$1.call(ThreadUtil.java:52)
at java.util.concurrent.FutureTask.run(Unknown Source)
at java.util.concurrent.ThreadPoolExecutor.runWorker(Unknown Source)
at java.util.concurrent.ThreadPoolExecutor$Worker.run(Unknown Source)
at java.lang.Thread.run(Unknown Source)
]]>
            </full-stacktrace>
          </exception> <!-- java.lang.IllegalArgumentException -->
          <reporter-output>
          </reporter-output>
        </test-method> <!-- pomactilogin -->
        <test-method status="PASS" signature="postcond()[pri:0, instance:scripts.p3@100d6b1]" name="postcond" is-config="true" duration-ms="2141" started-at="2019-12-17T03:14:20Z" finished-at="2019-12-17T03:14:23Z">
          <reporter-output>
          </reporter-output>
        </test-method> <!-- postcond -->
      </class> <!-- scripts.p3 -->
      <class name="scripts.p2">
        <test-method status="PASS" signature="precond()[pri:0, instance:scripts.p2@e92674]" name="precond" is-config="true" duration-ms="21627" started-at="2019-12-17T03:13:27Z" finished-at="2019-12-17T03:13:48Z">
          <reporter-output>
          </reporter-output>
        </test-method> <!-- precond -->
        <test-method status="PASS" signature="pomactilogin()[pri:0, instance:scripts.p2@e92674]" name="pomactilogin" duration-ms="9508" started-at="2019-12-17T03:13:48Z" finished-at="2019-12-17T03:13:58Z">
          <reporter-output>
            <line>
              <![CDATA[pass:title is matching]]>
            </line>
          </reporter-output>
        </test-method> <!-- pomactilogin -->
        <test-method status="PASS" signature="postcond()[pri:0, instance:scripts.p2@e92674]" name="postcond" is-config="true" duration-ms="2179" started-at="2019-12-17T03:13:58Z" finished-at="2019-12-17T03:14:00Z">
          <reporter-output>
          </reporter-output>
        </test-method> <!-- postcond -->
      </class> <!-- scripts.p2 -->
      <class name="scripts.p1">
        <test-method status="PASS" signature="precond()[pri:0, instance:scripts.p1@85bdee]" name="precond" is-config="true" duration-ms="25437" started-at="2019-12-17T03:12:58Z" finished-at="2019-12-17T03:13:23Z">
          <reporter-output>
          </reporter-output>
        </test-method> <!-- precond -->
        <test-method status="PASS" signature="actitimeloginscript()[pri:0, instance:scripts.p1@85bdee]" name="actitimeloginscript" duration-ms="984" started-at="2019-12-17T03:13:23Z" finished-at="2019-12-17T03:13:24Z">
          <reporter-output>
          </reporter-output>
        </test-method> <!-- actitimeloginscript -->
        <test-method status="PASS" signature="postcond()[pri:0, instance:scripts.p1@85bdee]" name="postcond" is-config="true" duration-ms="2337" started-at="2019-12-17T03:13:24Z" finished-at="2019-12-17T03:13:27Z">
          <reporter-output>
          </reporter-output>
        </test-method> <!-- postcond -->
      </class> <!-- scripts.p1 -->
    </test> <!-- firefoxTest -->
  </suite> <!-- Suite -->
</testng-results>
